<?xml version="1.0" encoding="UTF-8"?>
<testsuite xmlns:xsi="http://www.w3.org/2001/XMLSchema-instance" xsi:schemaLocation="https://maven.apache.org/surefire/maven-surefire-plugin/xsd/surefire-test-report.xsd" name="TestSuite" time="98.697" tests="2" errors="0" skipped="0" failures="1">
  <properties>
    <property name="java.vendor" value="Oracle Corporation"/>
    <property name="JOB_NAME" value="Cucumberframework_VHuli"/>
    <property name="RUN_TESTS_DISPLAY_URL" value="http://localhost:8080/job/Cucumberframework_VHuli/7/display/redirect?page=tests"/>
    <property name="sun.java.launcher" value="SUN_STANDARD"/>
    <property name="NUMBER_OF_PROCESSORS" value="4"/>
    <property name="sun.management.compiler" value="HotSpot 64-Bit Tiered Compilers"/>
    <property name="JENKINS_HOME" value="C:\WINDOWS\system32\config\systemprofile\AppData\Local\Jenkins.jenkins"/>
    <property name="HUDSON_SERVER_COOKIE" value="a41ad2fbbc3f4910"/>
    <property name="POM_ARTIFACTID" value="CucumberTravelTrace"/>
    <property name="os.name" value="Windows 10"/>
    <property name="sun.boot.class.path" value="C:\Program Files\Java\jdk1.8.0_231\jre\lib\resources.jar;C:\Program Files\Java\jdk1.8.0_231\jre\lib\rt.jar;C:\Program Files\Java\jdk1.8.0_231\jre\lib\sunrsasign.jar;C:\Program Files\Java\jdk1.8.0_231\jre\lib\jsse.jar;C:\Program Files\Java\jdk1.8.0_231\jre\lib\jce.jar;C:\Program Files\Java\jdk1.8.0_231\jre\lib\charsets.jar;C:\Program Files\Java\jdk1.8.0_231\jre\lib\jfr.jar;C:\Program Files\Java\jdk1.8.0_231\jre\classes"/>
    <property name="EXECUTOR_NUMBER" value="0"/>
    <property name="sun.desktop" value="windows"/>
    <property name="PATHEXT" value=".COM;.EXE;.BAT;.CMD;.VBS;.VBE;.JS;.JSE;.WSF;.WSH;.MSC;.PY;.PYW"/>
    <property name="java.vm.specification.vendor" value="Oracle Corporation"/>
    <property name="POM_DISPLAYNAME" value="CucumberTravelTrace"/>
    <property name="NODE_LABELS" value="master"/>
    <property name="TEMP" value="C:\WINDOWS\TEMP"/>
    <property name="java.runtime.version" value="1.8.0_231-b11"/>
    <property name="WINSW_SERVICE_ID" value="jenkins"/>
    <property name="user.name" value="DESKTOP-J7B84FF$"/>
    <property name="guice.disable.misplaced.annotation.check" value="true"/>
    <property name="CommonProgramW6432" value="C:\Program Files\Common Files"/>
    <property name="ProgramFiles" value="C:\Program Files"/>
    <property name="user.language" value="en"/>
    <property name="JOB_BASE_NAME" value="Cucumberframework_VHuli"/>
    <property name="RUN_CHANGES_DISPLAY_URL" value="http://localhost:8080/job/Cucumberframework_VHuli/7/display/redirect?page=changes"/>
    <property name="BUILD_DISPLAY_NAME" value="#7"/>
    <property name="sun.boot.library.path" value="C:\Program Files\Java\jdk1.8.0_231\jre\bin"/>
    <property name="LOCALAPPDATA" value="C:\WINDOWS\system32\config\systemprofile\AppData\Local"/>
    <property name="java.version" value="1.8.0_231"/>
    <property name="PROCESSOR_LEVEL" value="6"/>
    <property name="user.timezone" value="Asia/Calcutta"/>
    <property name="USERNAME" value="DESKTOP-J7B84FF$"/>
    <property name="sun.arch.data.model" value="64"/>
    <property name="NODE_NAME" value="master"/>
    <property name="java.endorsed.dirs" value="C:\Program Files\Java\jdk1.8.0_231\jre\lib\endorsed"/>
    <property name="BUILD_ID" value="7"/>
    <property name="sun.cpu.isalist" value="amd64"/>
    <property name="sun.jnu.encoding" value="Cp1252"/>
    <property name="file.encoding.pkg" value="sun.io"/>
    <property name="file.separator" value="\"/>
    <property name="java.specification.name" value="Java Platform API Specification"/>
    <property name="maven.conf" value="C:\Windows\System32\config\systemprofile\AppData\Local\Jenkins.jenkins\tools\hudson.tasks.Maven_MavenInstallation\TestMaven\conf"/>
    <property name="java.class.version" value="52.0"/>
    <property name="org.slf4j.simpleLogger.defaultLogLevel" value="info"/>
    <property name="user.country" value="US"/>
    <property name="ALLUSERSPROFILE" value="C:\ProgramData"/>
    <property name="java.home" value="C:\Program Files\Java\jdk1.8.0_231\jre"/>
    <property name="java.vm.info" value="mixed mode"/>
    <property name="os.version" value="10.0"/>
    <property name="RUN_DISPLAY_URL" value="http://localhost:8080/job/Cucumberframework_VHuli/7/display/redirect"/>
    <property name="POM_VERSION" value="0.0.1-SNAPSHOT"/>
    <property name="TMP" value="C:\WINDOWS\TEMP"/>
    <property name="RUN_ARTIFACTS_DISPLAY_URL" value="http://localhost:8080/job/Cucumberframework_VHuli/7/display/redirect?page=artifacts"/>
    <property name="path.separator" value=";"/>
    <property name="java.vm.version" value="25.231-b11"/>
    <property name="user.variant" value=""/>
    <property name="JOB_DISPLAY_URL" value="http://localhost:8080/job/Cucumberframework_VHuli/display/redirect"/>
    <property name="CommonProgramFiles(x86)" value="C:\Program Files (x86)\Common Files"/>
    <property name="java.awt.printerjob" value="sun.awt.windows.WPrinterJob"/>
    <property name="sun.io.unicode.encoding" value="UnicodeLittle"/>
    <property name="CommonProgramFiles" value="C:\Program Files\Common Files"/>
    <property name="ComSpec" value="C:\WINDOWS\system32\cmd.exe"/>
    <property name="awt.toolkit" value="sun.awt.windows.WToolkit"/>
    <property name="POM_PACKAGING" value="jar"/>
    <property name="SERVICE_ID" value="jenkins"/>
    <property name="COMPUTERNAME" value="DESKTOP-J7B84FF"/>
    <property name="user.script" value=""/>
    <property name="POM_GROUPID" value="MyCucumber"/>
    <property name="user.home" value="C:\WINDOWS\system32\config\systemprofile"/>
    <property name="PUBLIC" value="C:\Users\Public"/>
    <property name="BUILD_TAG" value="jenkins-Cucumberframework_VHuli-7"/>
    <property name="JENKINS_SERVER_COOKIE" value="a41ad2fbbc3f4910"/>
    <property name="HUDSON_URL" value="http://localhost:8080/"/>
    <property name="ProgramData" value="C:\ProgramData"/>
    <property name="java.specification.vendor" value="Oracle Corporation"/>
    <property name="USERPROFILE" value="C:\WINDOWS\system32\config\systemprofile"/>
    <property name="CLASSPATH" value=""/>
    <property name="java.vendor.url" value="http://java.oracle.com/"/>
    <property name="java.library.path" value="C:\Program Files\Java\jdk1.8.0_231\bin;C:\WINDOWS\Sun\Java\bin;C:\WINDOWS\system32;C:\WINDOWS;C:\WINDOWS\system32\config\systemprofile\AppData\Local\Jenkins.jenkins\tools\hudson.tasks.Maven_MavenInstallation\TestMaven/bin;C:\Python38\Scripts\;C:\Python38\;C:\Program Files (x86)\Python38-32\Scripts\;C:\Program Files (x86)\Python38-32\;C:\Program Files (x86)\Common Files\Oracle\Java\javapath;C:\WINDOWS\system32;C:\WINDOWS;C:\WINDOWS\System32\Wbem;C:\WINDOWS\System32\WindowsPowerShell\v1.0\;C:\Program Files\Java\jdk1.8.0_231\bin;F:\apache-maven-3.6.2\bin;C:\WINDOWS\System32\OpenSSH\;C:\Program Files\MongoDB\Server\4.0\bin;C:\Program Files\nodejs\;C:\ProgramData\chocolatey\bin;C:\Program Files\Git\cmd;C:\WINDOWS\system32\config\systemprofile\AppData\Local\Microsoft\WindowsApps;."/>
    <property name="java.vm.vendor" value="Oracle Corporation"/>
    <property name="APPDATA" value="C:\WINDOWS\system32\config\systemprofile\AppData\Roaming"/>
    <property name="java.runtime.name" value="Java(TM) SE Runtime Environment"/>
    <property name="maven.home" value="C:\Windows\System32\config\systemprofile\AppData\Local\Jenkins.jenkins\tools\hudson.tasks.Maven_MavenInstallation\TestMaven"/>
    <property name="java.class.path" value="C:\WINDOWS\system32\config\systemprofile\AppData\Local\Jenkins.jenkins\plugins\maven-plugin\WEB-INF\lib\maven35-agent-1.13.jar;C:\WINDOWS\system32\config\systemprofile\AppData\Local\Jenkins.jenkins\tools\hudson.tasks.Maven_MavenInstallation\TestMaven\boot\plexus-classworlds-2.6.0.jar;C:\WINDOWS\system32\config\systemprofile\AppData\Local\Jenkins.jenkins\tools\hudson.tasks.Maven_MavenInstallation\TestMaven/conf/logging"/>
    <property name="sun.java.command" value="jenkins.maven3.agent.Maven35Main C:\WINDOWS\system32\config\systemprofile\AppData\Local\Jenkins.jenkins\tools\hudson.tasks.Maven_MavenInstallation\TestMaven C:\Windows\System32\config\systemprofile\AppData\Local\Jenkinswar\WEB-INF\lib\remoting-4.3.jar C:\WINDOWS\system32\config\systemprofile\AppData\Local\Jenkins.jenkins\plugins\maven-plugin\WEB-INF\lib\maven35-interceptor-1.13.jar C:\WINDOWS\system32\config\systemprofile\AppData\Local\Jenkins.jenkins\plugins\maven-plugin\WEB-INF\lib\maven3-interceptor-commons-1.13.jar 52096"/>
    <property name="Path" value="C:\Python38\Scripts\;C:\Python38\;C:\Program Files (x86)\Python38-32\Scripts\;C:\Program Files (x86)\Python38-32\;C:\Program Files (x86)\Common Files\Oracle\Java\javapath;C:\WINDOWS\system32;C:\WINDOWS;C:\WINDOWS\System32\Wbem;C:\WINDOWS\System32\WindowsPowerShell\v1.0\;C:\Program Files\Java\jdk1.8.0_231\bin;F:\apache-maven-3.6.2\bin;C:\WINDOWS\System32\OpenSSH\;C:\Program Files\MongoDB\Server\4.0\bin;C:\Program Files\nodejs\;C:\ProgramData\chocolatey\bin;C:\Program Files\Git\cmd;C:\WINDOWS\system32\config\systemprofile\AppData\Local\Microsoft\WindowsApps"/>
    <property name="java.vm.specification.name" value="Java Virtual Machine Specification"/>
    <property name="PROCESSOR_ARCHITECTURE" value="AMD64"/>
    <property name="PROCESSOR_IDENTIFIER" value="Intel64 Family 6 Model 69 Stepping 1, GenuineIntel"/>
    <property name="java.vm.specification.version" value="1.8"/>
    <property name="sun.os.patch.level" value=""/>
    <property name="sun.cpu.endian" value="little"/>
    <property name="M2_HOME" value="C:\WINDOWS\system32\config\systemprofile\AppData\Local\Jenkins.jenkins\tools\hudson.tasks.Maven_MavenInstallation\TestMaven"/>
    <property name="java.io.tmpdir" value="C:\WINDOWS\TEMP\"/>
    <property name="OS" value="Windows_NT"/>
    <property name="HUDSON_HOME" value="C:\WINDOWS\system32\config\systemprofile\AppData\Local\Jenkins.jenkins"/>
    <property name="PATH+MAVEN" value="C:\WINDOWS\system32\config\systemprofile\AppData\Local\Jenkins.jenkins\tools\hudson.tasks.Maven_MavenInstallation\TestMaven/bin"/>
    <property name="ProgramFiles(x86)" value="C:\Program Files (x86)"/>
    <property name="BUILD_URL" value="http://localhost:8080/job/Cucumberframework_VHuli/7/"/>
    <property name="java.vendor.url.bug" value="http://bugreport.sun.com/bugreport/"/>
    <property name="java.awt.graphicsenv" value="sun.awt.Win32GraphicsEnvironment"/>
    <property name="os.arch" value="amd64"/>
    <property name="SystemRoot" value="C:\WINDOWS"/>
    <property name="java.ext.dirs" value="C:\Program Files\Java\jdk1.8.0_231\jre\lib\ext;C:\WINDOWS\Sun\Java\lib\ext"/>
    <property name="user.dir" value="C:\Users\user\eclipse-workspace\CucumberTravelTrace"/>
    <property name="JOB_URL" value="http://localhost:8080/job/Cucumberframework_VHuli/"/>
    <property name="USERDOMAIN" value="WORKGROUP"/>
    <property name="line.separator" value="&#10;"/>
    <property name="MAVEN_HOME" value="C:\WINDOWS\system32\config\systemprofile\AppData\Local\Jenkins.jenkins\tools\hudson.tasks.Maven_MavenInstallation\TestMaven"/>
    <property name="java.vm.name" value="Java HotSpot(TM) 64-Bit Server VM"/>
    <property name="BUILD_NUMBER" value="7"/>
    <property name="BASE" value="C:\Program Files\Jenkins"/>
    <property name="JENKINS_URL" value="http://localhost:8080/"/>
    <property name="PROCESSOR_REVISION" value="4501"/>
    <property name="ProgramW6432" value="C:\Program Files"/>
    <property name="windir" value="C:\WINDOWS"/>
    <property name="file.encoding" value="Cp1252"/>
    <property name="SystemDrive" value="C:"/>
    <property name="maven3.interceptor" value="C:\WINDOWS\system32\config\systemprofile\AppData\Local\Jenkins.jenkins\plugins\maven-plugin\WEB-INF\lib\maven35-interceptor-1.13.jar"/>
    <property name="WORKSPACE_TMP" value="C:\WINDOWS\system32\config\systemprofile\AppData\Local\Jenkins.jenkins\workspace\Cucumberframework_VHuli@tmp"/>
    <property name="WORKSPACE" value="C:\WINDOWS\system32\config\systemprofile\AppData\Local\Jenkins.jenkins\workspace\Cucumberframework_VHuli"/>
    <property name="ChocolateyInstall" value="C:\ProgramData\chocolatey"/>
    <property name="maven3.interceptor.common" value="C:\WINDOWS\system32\config\systemprofile\AppData\Local\Jenkins.jenkins\plugins\maven-plugin\WEB-INF\lib\maven3-interceptor-commons-1.13.jar"/>
    <property name="WINSW_EXECUTABLE" value="C:\Program Files\Jenkins\jenkins.exe"/>
    <property name="java.specification.version" value="1.8"/>
    <property name="PSModulePath" value="C:\Program Files\WindowsPowerShell\Modules;C:\WINDOWS\system32\WindowsPowerShell\v1.0\Modules"/>
    <property name="DriverData" value="C:\Windows\System32\Drivers\DriverData"/>
  </properties>
  <testcase name="feature" classname="TestRunner.TestRunner" time="32.843"/>
  <testcase name="feature" classname="TestRunner.TestRunner" time="64.019">
    <failure message="org.openqa.selenium.TimeoutException: Expected condition failed: waiting for visibility of Proxy element for: DefaultElementLocator &apos;By.xpath: //img[@src=&apos;test/logo/vtiger-crm-logo.gif&apos; and @title=&apos;vtiger-crm-logo.gif&apos;]&apos; (tried for 30 second(s) with 500 milliseconds interval)" type="cucumber.runtime.CucumberException">cucumber.runtime.CucumberException: org.openqa.selenium.TimeoutException: Expected condition failed: waiting for visibility of Proxy element for: DefaultElementLocator 'By.xpath: //img[@src='test/logo/vtiger-crm-logo.gif' and @title='vtiger-crm-logo.gif']' (tried for 30 second(s) with 500 milliseconds interval)
	at TestRunner.TestRunner.feature(TestRunner.java:33)
Caused by: org.openqa.selenium.TimeoutException: Expected condition failed: waiting for visibility of Proxy element for: DefaultElementLocator 'By.xpath: //img[@src='test/logo/vtiger-crm-logo.gif' and @title='vtiger-crm-logo.gif']' (tried for 30 second(s) with 500 milliseconds interval)
Caused by: org.openqa.selenium.NoSuchElementException: 
no such element: Unable to locate element: {"method":"xpath","selector":"//img[@src='test/logo/vtiger-crm-logo.gif' and @title='vtiger-crm-logo.gif']"}
  (Session info: chrome=85.0.4183.102)
For documentation on this error, please visit: http://seleniumhq.org/exceptions/no_such_element.html
Build info: version: '3.11.0', revision: 'e59cfb3', time: '2018-03-11T20:26:55.152Z'
System info: host: 'DESKTOP-J7B84FF', ip: '192.168.43.69', os.name: 'Windows 10', os.arch: 'amd64', os.version: '10.0', java.version: '1.8.0_231'
Driver info: org.openqa.selenium.chrome.ChromeDriver
Capabilities {acceptInsecureCerts: false, browserName: chrome, browserVersion: 85.0.4183.102, chrome: {chromedriverVersion: 85.0.4183.87 (cd6713ebf92fa..., userDataDir: C:\WINDOWS\TEMP\scoped_dir9...}, goog:chromeOptions: {debuggerAddress: localhost:52231}, javascriptEnabled: true, networkConnectionEnabled: false, pageLoadStrategy: normal, platform: WINDOWS, platformName: WINDOWS, proxy: Proxy(), setWindowRect: true, strictFileInteractability: false, timeouts: {implicit: 0, pageLoad: 300000, script: 30000}, unhandledPromptBehavior: dismiss and notify, webauthn:virtualAuthenticators: true}
Session ID: a967ace8fe142bd8233f5c1a0e83fbfa
*** Element info: {Using=xpath, value=//img[@src='test/logo/vtiger-crm-logo.gif' and @title='vtiger-crm-logo.gif']}
	at TestRunner.TestRunner.feature(TestRunner.java:33)
</failure>
    <system-out><![CDATA[@Login
Feature: Sign in
 INFO [main] (GenericLibrary.java:21)- Waiting for element to load
 INFO [main] (GenericLibrary.java:24)- Element is found and visible
 INFO [main] (LoginPageStepDefinition.java:26)- the Application URl is getting launched
 INFO [main] (LoginPageStepDefinition.java:35)- on successful launch of the application user is able to see VTigerCRM

  Background: User navigates to Application URL             &amp#27;[90m# login.feature:4&amp#27;[0m
    &amp#27;[32mGiven &amp#27;[0m&amp#27;[32mi am on the login page URL"&amp#27;[0m&amp#27;[32m&amp#27;[1mhttp://localhost:8888&amp#27;[0m&amp#27;[32m"&amp#27;[0m &amp#27;[90m# LoginPageStepDefinition.i_am_on_the_login_page_URL(String)&amp#27;[0m
    &amp#27;[32mThen &amp#27;[0m&amp#27;[32mI should see login page&amp#27;[0m                            &amp#27;[90m# LoginPageStepDefinition.i_should_see_login_page()&amp#27;[0m
 INFO [main] (LoginPageStepDefinition.java:43)- user successfully entered the username
 INFO [main] (LoginPageStepDefinition.java:51)- User successfully entered the password
 INFO [main] (LoginPageStepDefinition.java:57)- User successfully clicked on Login Button 
 INFO [main] (GenericLibrary.java:21)- Waiting for element to load
 INFO [main] (GenericLibrary.java:24)- Element is found and visible
 INFO [main] (HomePage.java:36)- Image VTiger is seen on Home page 
 INFO [main] (HomePageStepDefinition.java:33)- Administrator field is available in home page 

  @Sanity
  Scenario: Sign in with Valid credentials                      &amp#27;[90m# login.feature:9&amp#27;[0m
    &amp#27;[32mWhen &amp#27;[0m&amp#27;[32muser enters an username as "&amp#27;[0m&amp#27;[32m&amp#27;[1madmin&amp#27;[0m&amp#27;[32m"&amp#27;[0m                     &amp#27;[90m# LoginPageStepDefinition.user_enters_an_username_as(String)&amp#27;[0m
    &amp#27;[32mAnd &amp#27;[0m&amp#27;[32muser enters an password as "&amp#27;[0m&amp#27;[32m&amp#27;[1mpassword&amp#27;[0m&amp#27;[32m"&amp#27;[0m                   &amp#27;[90m# LoginPageStepDefinition.user_enters_an_password_as(String)&amp#27;[0m
    &amp#27;[32mAnd &amp#27;[0m&amp#27;[32mclick on login button&amp#27;[0m                                   &amp#27;[90m# LoginPageStepDefinition.click_on_login_button()&amp#27;[0m
    &amp#27;[32mThen &amp#27;[0m&amp#27;[32mUser should login successfully&amp#27;[0m                         &amp#27;[90m# HomePageStepDefinition.user_should_login_successfully()&amp#27;[0m
    &amp#27;[32mAnd &amp#27;[0m&amp#27;[32muser should see administrator test message on home page&amp#27;[0m &amp#27;[90m# HomePageStepDefinition.user_should_see_administrator_test_message_on_home_page()&amp#27;[0m

  @Sanity
  Scenario Outline: Sign in with Valid credentials              &amp#27;[90m# login.feature:17&amp#27;[0m
    &amp#27;[36mWhen &amp#27;[0m&amp#27;[36muser enters an username as "<username>"&amp#27;[0m
    &amp#27;[36mAnd &amp#27;[0m&amp#27;[36muser enters an password as "<password>"&amp#27;[0m
    &amp#27;[36mAnd &amp#27;[0m&amp#27;[36mclick on login button&amp#27;[0m
    &amp#27;[36mThen &amp#27;[0m&amp#27;[36mUser should login successfully&amp#27;[0m
    &amp#27;[36mAnd &amp#27;[0m&amp#27;[36muser should see administrator test message on home page&amp#27;[0m

    Examples: 
 INFO [main] (GenericLibrary.java:21)- Waiting for element to load
 INFO [main] (GenericLibrary.java:24)- Element is found and visible
 INFO [main] (LoginPageStepDefinition.java:26)- the Application URl is getting launched
 INFO [main] (LoginPageStepDefinition.java:35)- on successful launch of the application user is able to see VTigerCRM

  Background: User navigates to Application URL             &amp#27;[90m# login.feature:4&amp#27;[0m
    &amp#27;[32mGiven &amp#27;[0m&amp#27;[32mi am on the login page URL"&amp#27;[0m&amp#27;[32m&amp#27;[1mhttp://localhost:8888&amp#27;[0m&amp#27;[32m"&amp#27;[0m &amp#27;[90m# LoginPageStepDefinition.i_am_on_the_login_page_URL(String)&amp#27;[0m
    &amp#27;[32mThen &amp#27;[0m&amp#27;[32mI should see login page&amp#27;[0m                            &amp#27;[90m# LoginPageStepDefinition.i_should_see_login_page()&amp#27;[0m
 INFO [main] (LoginPageStepDefinition.java:43)- user successfully entered the username
 INFO [main] (LoginPageStepDefinition.java:51)- User successfully entered the password
 INFO [main] (LoginPageStepDefinition.java:57)- User successfully clicked on Login Button 
 INFO [main] (GenericLibrary.java:21)- Waiting for element to load
 INFO [main] (GenericLibrary.java:24)- Element is found and visible
 INFO [main] (HomePage.java:36)- Image VTiger is seen on Home page 
 INFO [main] (HomePageStepDefinition.java:33)- Administrator field is available in home page 

  @Login @Sanity
  Scenario Outline: Sign in with Valid credentials              &amp#27;[90m# login.feature:26&amp#27;[0m
    &amp#27;[32mWhen &amp#27;[0m&amp#27;[32muser enters an username as "&amp#27;[0m&amp#27;[32m&amp#27;[1madmin&amp#27;[0m&amp#27;[32m"&amp#27;[0m                     &amp#27;[90m# LoginPageStepDefinition.user_enters_an_username_as(String)&amp#27;[0m
    &amp#27;[32mAnd &amp#27;[0m&amp#27;[32muser enters an password as "&amp#27;[0m&amp#27;[32m&amp#27;[1mpassword&amp#27;[0m&amp#27;[32m"&amp#27;[0m                   &amp#27;[90m# LoginPageStepDefinition.user_enters_an_password_as(String)&amp#27;[0m
    &amp#27;[32mAnd &amp#27;[0m&amp#27;[32mclick on login button&amp#27;[0m                                   &amp#27;[90m# LoginPageStepDefinition.click_on_login_button()&amp#27;[0m
    &amp#27;[32mThen &amp#27;[0m&amp#27;[32mUser should login successfully&amp#27;[0m                         &amp#27;[90m# HomePageStepDefinition.user_should_login_successfully()&amp#27;[0m
    &amp#27;[32mAnd &amp#27;[0m&amp#27;[32muser should see administrator test message on home page&amp#27;[0m &amp#27;[90m# HomePageStepDefinition.user_should_see_administrator_test_message_on_home_page()&amp#27;[0m
 INFO [main] (GenericLibrary.java:21)- Waiting for element to load
 INFO [main] (GenericLibrary.java:24)- Element is found and visible
 INFO [main] (LoginPageStepDefinition.java:26)- the Application URl is getting launched
 INFO [main] (LoginPageStepDefinition.java:35)- on successful launch of the application user is able to see VTigerCRM

  Background: User navigates to Application URL             &amp#27;[90m# login.feature:4&amp#27;[0m
    &amp#27;[32mGiven &amp#27;[0m&amp#27;[32mi am on the login page URL"&amp#27;[0m&amp#27;[32m&amp#27;[1mhttp://localhost:8888&amp#27;[0m&amp#27;[32m"&amp#27;[0m &amp#27;[90m# LoginPageStepDefinition.i_am_on_the_login_page_URL(String)&amp#27;[0m
    &amp#27;[32mThen &amp#27;[0m&amp#27;[32mI should see login page&amp#27;[0m                            &amp#27;[90m# LoginPageStepDefinition.i_should_see_login_page()&amp#27;[0m
 INFO [main] (LoginPageStepDefinition.java:43)- user successfully entered the username
 INFO [main] (LoginPageStepDefinition.java:51)- User successfully entered the password
 INFO [main] (LoginPageStepDefinition.java:57)- User successfully clicked on Login Button 
 INFO [main] (GenericLibrary.java:21)- Waiting for element to load
 INFO [main] (ServiceHooks.java:32)- Sign in with Valid credentials is failed

  @Login @Sanity
  Scenario Outline: Sign in with Valid credentials              &amp#27;[90m# login.feature:27&amp#27;[0m
    &amp#27;[32mWhen &amp#27;[0m&amp#27;[32muser enters an username as "&amp#27;[0m&amp#27;[32m&amp#27;[1madmin12&amp#27;[0m&amp#27;[32m"&amp#27;[0m                   &amp#27;[90m# LoginPageStepDefinition.user_enters_an_username_as(String)&amp#27;[0m
    &amp#27;[32mAnd &amp#27;[0m&amp#27;[32muser enters an password as "&amp#27;[0m&amp#27;[32m&amp#27;[1mpassword12&amp#27;[0m&amp#27;[32m"&amp#27;[0m                 &amp#27;[90m# LoginPageStepDefinition.user_enters_an_password_as(String)&amp#27;[0m
    &amp#27;[32mAnd &amp#27;[0m&amp#27;[32mclick on login button&amp#27;[0m                                   &amp#27;[90m# LoginPageStepDefinition.click_on_login_button()&amp#27;[0m
    &amp#27;[31mThen &amp#27;[0m&amp#27;[31mUser should login successfully&amp#27;[0m                         &amp#27;[90m# HomePageStepDefinition.user_should_login_successfully()&amp#27;[0m
      &amp#27;[31morg.openqa.selenium.TimeoutException: Expected condition failed: waiting for visibility of Proxy element for: DefaultElementLocator 'By.xpath: //img[@src='test/logo/vtiger-crm-logo.gif' and @title='vtiger-crm-logo.gif']' (tried for 30 second(s) with 500 milliseconds interval)
      	at org.openqa.selenium.support.ui.WebDriverWait.timeoutException(WebDriverWait.java:81)
      	at org.openqa.selenium.support.ui.FluentWait.until(FluentWait.java:271)
      	at MyCucumber.CucumberTravelTrace.UtilityClass.GenericLibrary.waitForElement(GenericLibrary.java:23)
      	at PageObjectRepoClass.HomePage.verifyVTigerImage(HomePage.java:34)
      	at StepDefinitionsClass.HomePageStepDefinition.user_should_login_successfully(HomePageStepDefinition.java:25)
      	at ?.Then User should login successfully(login.feature:21)
      Caused by: org.openqa.selenium.NoSuchElementException: no such element: Unable to locate element: {"method":"xpath","selector":"//img[@src='test/logo/vtiger-crm-logo.gif' and @title='vtiger-crm-logo.gif']"}
        (Session info: chrome=85.0.4183.102)
      For documentation on this error, please visit: http://seleniumhq.org/exceptions/no_such_element.html
      Build info: version: '3.11.0', revision: 'e59cfb3', time: '2018-03-11T20:26:55.152Z'
      System info: host: 'DESKTOP-J7B84FF', ip: '192.168.43.69', os.name: 'Windows 10', os.arch: 'amd64', os.version: '10.0', java.version: '1.8.0_231'
      Driver info: org.openqa.selenium.chrome.ChromeDriver
      Capabilities {acceptInsecureCerts: false, browserName: chrome, browserVersion: 85.0.4183.102, chrome: {chromedriverVersion: 85.0.4183.87 (cd6713ebf92fa..., userDataDir: C:\WINDOWS\TEMP\scoped_dir9...}, goog:chromeOptions: {debuggerAddress: localhost:52231}, javascriptEnabled: true, networkConnectionEnabled: false, pageLoadStrategy: normal, platform: WINDOWS, platformName: WINDOWS, proxy: Proxy(), setWindowRect: true, strictFileInteractability: false, timeouts: {implicit: 0, pageLoad: 300000, script: 30000}, unhandledPromptBehavior: dismiss and notify, webauthn:virtualAuthenticators: true}
      Session ID: a967ace8fe142bd8233f5c1a0e83fbfa
      *** Element info: {Using=xpath, value=//img[@src='test/logo/vtiger-crm-logo.gif' and @title='vtiger-crm-logo.gif']}
      	at sun.reflect.GeneratedConstructorAccessor16.newInstance(Unknown Source)
      	at sun.reflect.DelegatingConstructorAccessorImpl.newInstance(DelegatingConstructorAccessorImpl.java:45)
      	at java.lang.reflect.Constructor.newInstance(Constructor.java:423)
      	at org.openqa.selenium.remote.http.W3CHttpResponseCodec.createException(W3CHttpResponseCodec.java:187)
      	at org.openqa.selenium.remote.http.W3CHttpResponseCodec.decode(W3CHttpResponseCodec.java:122)
      	at org.openqa.selenium.remote.http.W3CHttpResponseCodec.decode(W3CHttpResponseCodec.java:49)
      	at org.openqa.selenium.remote.HttpCommandExecutor.execute(HttpCommandExecutor.java:158)
      	at org.openqa.selenium.remote.service.DriverCommandExecutor.execute(DriverCommandExecutor.java:83)
      	at org.openqa.selenium.remote.RemoteWebDriver.execute(RemoteWebDriver.java:545)
      	at org.openqa.selenium.remote.RemoteWebDriver.findElement(RemoteWebDriver.java:319)
      	at org.openqa.selenium.remote.RemoteWebDriver.findElementByXPath(RemoteWebDriver.java:421)
      	at org.openqa.selenium.By$ByXPath.findElement(By.java:361)
      	at org.openqa.selenium.remote.RemoteWebDriver.findElement(RemoteWebDriver.java:311)
      	at org.openqa.selenium.support.pagefactory.DefaultElementLocator.findElement(DefaultElementLocator.java:69)
      	at org.openqa.selenium.support.pagefactory.internal.LocatingElementHandler.invoke(LocatingElementHandler.java:38)
      	at com.sun.proxy.$Proxy18.isDisplayed(Unknown Source)
      	at org.openqa.selenium.support.ui.ExpectedConditions.elementIfVisible(ExpectedConditions.java:315)
      	at org.openqa.selenium.support.ui.ExpectedConditions.access$100(ExpectedConditions.java:44)
      	at org.openqa.selenium.support.ui.ExpectedConditions$10.apply(ExpectedConditions.java:301)
      	at org.openqa.selenium.support.ui.ExpectedConditions$10.apply(ExpectedConditions.java:298)
      	at org.openqa.selenium.support.ui.FluentWait.until(FluentWait.java:248)
      	at MyCucumber.CucumberTravelTrace.UtilityClass.GenericLibrary.waitForElement(GenericLibrary.java:23)
      	at PageObjectRepoClass.HomePage.verifyVTigerImage(HomePage.java:34)
      	at StepDefinitionsClass.HomePageStepDefinition.user_should_login_successfully(HomePageStepDefinition.java:25)
      	at sun.reflect.NativeMethodAccessorImpl.invoke0(Native Method)
      	at sun.reflect.NativeMethodAccessorImpl.invoke(NativeMethodAccessorImpl.java:62)
      	at sun.reflect.DelegatingMethodAccessorImpl.invoke(DelegatingMethodAccessorImpl.java:43)
      	at java.lang.reflect.Method.invoke(Method.java:498)
      	at cucumber.runtime.Utils$1.call(Utils.java:40)
      	at cucumber.runtime.Timeout.timeout(Timeout.java:16)
      	at cucumber.runtime.Utils.invoke(Utils.java:34)
      	at cucumber.runtime.java.JavaStepDefinition.execute(JavaStepDefinition.java:38)
      	at cucumber.runtime.StepDefinitionMatch.runStep(StepDefinitionMatch.java:37)
      	at cucumber.runtime.Runtime.runStep(Runtime.java:300)
      	at cucumber.runtime.model.StepContainer.runStep(StepContainer.java:44)
      	at cucumber.runtime.model.StepContainer.runSteps(StepContainer.java:39)
      	at cucumber.runtime.model.CucumberScenario.run(CucumberScenario.java:44)
      	at cucumber.runtime.model.CucumberScenarioOutline.run(CucumberScenarioOutline.java:46)
      	at cucumber.runtime.model.CucumberFeature.run(CucumberFeature.java:165)
      	at cucumber.api.testng.TestNGCucumberRunner.runCucumber(TestNGCucumberRunner.java:63)
      	at TestRunner.TestRunner.feature(TestRunner.java:33)
      	at sun.reflect.NativeMethodAccessorImpl.invoke0(Native Method)
      	at sun.reflect.NativeMethodAccessorImpl.invoke(NativeMethodAccessorImpl.java:62)
      	at sun.reflect.DelegatingMethodAccessorImpl.invoke(DelegatingMethodAccessorImpl.java:43)
      	at java.lang.reflect.Method.invoke(Method.java:498)
      	at org.testng.internal.MethodInvocationHelper.invokeMethod(MethodInvocationHelper.java:124)
      	at org.testng.internal.Invoker.invokeMethod(Invoker.java:583)
      	at org.testng.internal.Invoker.invokeTestMethod(Invoker.java:719)
      	at org.testng.internal.Invoker.invokeTestMethods(Invoker.java:989)
      	at org.testng.internal.TestMethodWorker.invokeTestMethods(TestMethodWorker.java:125)
      	at org.testng.internal.TestMethodWorker.run(TestMethodWorker.java:109)
      	at org.testng.TestRunner.privateRun(TestRunner.java:648)
      	at org.testng.TestRunner.run(TestRunner.java:505)
      	at org.testng.SuiteRunner.runTest(SuiteRunner.java:455)
      	at org.testng.SuiteRunner.runSequentially(SuiteRunner.java:450)
      	at org.testng.SuiteRunner.privateRun(SuiteRunner.java:415)
      	at org.testng.SuiteRunner.run(SuiteRunner.java:364)
      	at org.testng.SuiteRunnerWorker.runSuite(SuiteRunnerWorker.java:52)
      	at org.testng.SuiteRunnerWorker.run(SuiteRunnerWorker.java:84)
      	at org.testng.TestNG.runSuitesSequentially(TestNG.java:1208)
      	at org.testng.TestNG.runSuitesLocally(TestNG.java:1137)
      	at org.testng.TestNG.runSuites(TestNG.java:1049)
      	at org.testng.TestNG.run(TestNG.java:1017)
      	at org.apache.maven.surefire.testng.TestNGExecutor.run(TestNGExecutor.java:281)
      	at org.apache.maven.surefire.testng.TestNGXmlTestSuite.execute(TestNGXmlTestSuite.java:75)
      	at org.apache.maven.surefire.testng.TestNGProvider.invoke(TestNGProvider.java:121)
      	at org.apache.maven.surefire.booter.ForkedBooter.invokeProviderInSameClassLoader(ForkedBooter.java:290)
      	at org.apache.maven.surefire.booter.ForkedBooter.runSuitesInProcess(ForkedBooter.java:242)
      	at org.apache.maven.surefire.booter.ForkedBooter.main(ForkedBooter.java:121)
      &amp#27;[0m
    &amp#27;[36mAnd &amp#27;[0m&amp#27;[36muser should see administrator test message on home page&amp#27;[0m &amp#27;[90m# HomePageStepDefinition.user_should_see_administrator_test_message_on_home_page()&amp#27;[0m
]]></system-out>
    <system-err><![CDATA[Starting ChromeDriver 85.0.4183.87 (cd6713ebf92fa1cacc0f1a598df280093af0c5d7-refs/branch-heads/4183@{#1689}) on port 44217
Only local connections are allowed.
Please see https://chromedriver.chromium.org/security-considerations for suggestions on keeping ChromeDriver safe.
ChromeDriver was started successfully.
Sep 12, 2020 9:49:13 PM org.openqa.selenium.remote.ProtocolHandshake createSession
INFO: Detected dialect: W3C
Starting ChromeDriver 85.0.4183.87 (cd6713ebf92fa1cacc0f1a598df280093af0c5d7-refs/branch-heads/4183@{#1689}) on port 1127
Only local connections are allowed.
Please see https://chromedriver.chromium.org/security-considerations for suggestions on keeping ChromeDriver safe.
ChromeDriver was started successfully.
Sep 12, 2020 9:49:25 PM org.openqa.selenium.remote.ProtocolHandshake createSession
INFO: Detected dialect: W3C
Starting ChromeDriver 85.0.4183.87 (cd6713ebf92fa1cacc0f1a598df280093af0c5d7-refs/branch-heads/4183@{#1689}) on port 15873
Only local connections are allowed.
Please see https://chromedriver.chromium.org/security-considerations for suggestions on keeping ChromeDriver safe.
ChromeDriver was started successfully.
Sep 12, 2020 9:49:37 PM org.openqa.selenium.remote.ProtocolHandshake createSession
INFO: Detected dialect: W3C
]]></system-err>
  </testcase>
</testsuite>